nik@debnote:~/supercomputer_computing_labs-main/mpi/build/bin$ mpirun -np 4 mpi/build/2
Vector size: 100000
Scalar Product: -811709375
Time taken: 0.000113964 seconds

nik@debnote:~/supercomputer_computing_labs-main/mpi/build/bin$ mpirun -np 8 mpi/build/2
Vector size: 100000
Scalar Product: -811709375
Time taken: 5.6982e-05 seconds

nik@debnote:~/supercomputer_computing_labs-main/mpi/build/bin$ mpirun -np 4 mpi/build/2
Vector size: 1000000
Scalar Product: 390619715
Time taken: 0.00113893 seconds

nik@debnote:~/supercomputer_computing_labs-main/mpi/build/bin$ mpirun -np 8 mpi/build/2
Vector size: 1000000
Scalar Product: 390619715
Time taken: 0.000754118 seconds

nik@debnote:~/supercomputer_computing_labs-main/mpi/build/bin$ mpirun -np 4 mpi/build/2
Vector size: 10000000
Scalar Product: -882834829
Time taken: 0.00671005 seconds

nik@debnote:~/supercomputer_computing_labs-main/mpi/build/bin$ mpirun -np 8 mpi/build/2
Vector size: 10000000
Scalar Product: -882834829
Time taken: 0.00384402 seconds

nik@debnote:~/supercomputer_computing_labs-main/mpi/build/bin$ mpirun -np 4 mpi/build/2
Vector size: 100000000
Scalar Product: 1361625540
Time taken: 0.0707281 seconds

nik@debnote:~/supercomputer_computing_labs-main/mpi/build/bin$ mpirun -np 8 mpi/build/2
Vector size: 100000000
Scalar Product: 1361625540
Time taken: 0.046313 seconds


# Данные из логов
sizes = [100000, 1000000, 10000000, 100000000]
times_4 = [0.000113964, 0.00113893, 0.00671005, 0.0707281]
times_8 = [5.6982e-05, 0.000754118, 0.00384402, 0.046313]
times_16 = [5.38826e-05, 0.000285149, 0.00188398, 0.0245759]
